Determining if the pthread_create exist failed with the following output:
Change Dir: /home/valeria/.gazebo/models/qbmove_snake/build/CMakeFiles/CMakeTmp

Run Build Command:/usr/bin/make "cmTryCompileExec171890142/fast"
/usr/bin/make -f CMakeFiles/cmTryCompileExec171890142.dir/build.make CMakeFiles/cmTryCompileExec171890142.dir/build
make[1]: Entering directory `/home/valeria/.gazebo/models/qbmove_snake/build/CMakeFiles/CMakeTmp'
/usr/bin/cmake -E cmake_progress_report /home/valeria/.gazebo/models/qbmove_snake/build/CMakeFiles/CMakeTmp/CMakeFiles 1
Building C object CMakeFiles/cmTryCompileExec171890142.dir/CheckSymbolExists.c.o
/usr/bin/cc    -o CMakeFiles/cmTryCompileExec171890142.dir/CheckSymbolExists.c.o   -c /home/valeria/.gazebo/models/qbmove_snake/build/CMakeFiles/CMakeTmp/CheckSymbolExists.c
Linking C executable cmTryCompileExec171890142
/usr/bin/cmake -E cmake_link_script CMakeFiles/cmTryCompileExec171890142.dir/link.txt --verbose=1
/usr/bin/cc       CMakeFiles/cmTryCompileExec171890142.dir/CheckSymbolExists.c.o  -o cmTryCompileExec171890142 -rdynamic 
CMakeFiles/cmTryCompileExec171890142.dir/CheckSymbolExists.c.o: In function `main':
CheckSymbolExists.c:(.text+0xa): undefined reference to `pthread_create'
collect2: error: ld returned 1 exit status
make[1]: *** [cmTryCompileExec171890142] Error 1
make[1]: Leaving directory `/home/valeria/.gazebo/models/qbmove_snake/build/CMakeFiles/CMakeTmp'
make: *** [cmTryCompileExec171890142/fast] Error 2

File /home/valeria/.gazebo/models/qbmove_snake/build/CMakeFiles/CMakeTmp/CheckSymbolExists.c:
/* */
#include <pthread.h>

int main(int argc, char** argv)
{
  (void)argv;
#ifndef pthread_create
  return ((int*)(&pthread_create))[argc];
#else
  (void)argc;
  return 0;
#endif
}

Determining if the function pthread_create exists in the pthreads failed with the following output:
Change Dir: /home/valeria/.gazebo/models/qbmove_snake/build/CMakeFiles/CMakeTmp

Run Build Command:/usr/bin/make "cmTryCompileExec512378280/fast"
/usr/bin/make -f CMakeFiles/cmTryCompileExec512378280.dir/build.make CMakeFiles/cmTryCompileExec512378280.dir/build
make[1]: Entering directory `/home/valeria/.gazebo/models/qbmove_snake/build/CMakeFiles/CMakeTmp'
/usr/bin/cmake -E cmake_progress_report /home/valeria/.gazebo/models/qbmove_snake/build/CMakeFiles/CMakeTmp/CMakeFiles 1
Building C object CMakeFiles/cmTryCompileExec512378280.dir/CheckFunctionExists.c.o
/usr/bin/cc   -DCHECK_FUNCTION_EXISTS=pthread_create   -o CMakeFiles/cmTryCompileExec512378280.dir/CheckFunctionExists.c.o   -c /usr/share/cmake-2.8/Modules/CheckFunctionExists.c
Linking C executable cmTryCompileExec512378280
/usr/bin/cmake -E cmake_link_script CMakeFiles/cmTryCompileExec512378280.dir/link.txt --verbose=1
/usr/bin/cc   -DCHECK_FUNCTION_EXISTS=pthread_create    CMakeFiles/cmTryCompileExec512378280.dir/CheckFunctionExists.c.o  -o cmTryCompileExec512378280 -rdynamic -lpthreads 
/usr/bin/ld: cannot find -lpthreads
collect2: error: ld returned 1 exit status
make[1]: *** [cmTryCompileExec512378280] Error 1
make[1]: Leaving directory `/home/valeria/.gazebo/models/qbmove_snake/build/CMakeFiles/CMakeTmp'
make: *** [cmTryCompileExec512378280/fast] Error 2


